<?xml version="1.0" encoding="UTF-8"?>
<!-- Generated by org.testng.reporters.JUnitReportReporter -->
<testsuite skipped="0" hostname="LAPTOP-GDP44H0U" name="TestNG.TestNG" tests="3" failures="0" timestamp="2020-03-03T00:48:38 IST" time="0.010" errors="0">
  <testcase name="GoogleTitleTest" time="0.006" classname="TestNG.TestNG"/>
  <testcase name="SearchTest" time="0.001" classname="TestNG.TestNG"/>
  <testcase name="PasteData" time="0.003" classname="TestNG.TestNG"/>
</testsuite> <!-- TestNG.TestNG -->
